<?xml version="1.0" encoding="UTF-8"?>
<!-- Generated by org.testng.reporters.JUnitReportReporter -->
<testsuite skipped="0" hostname="Jigneshs-MacBook-Pro.local" name="com.netcompany.test.SimulatorTest" tests="1" failures="0" timestamp="2019-11-14T15:26:50 GMT" time="5.591" errors="0">
  <testcase name="verifyGainingSupplierInitiatesSwitchRequestToCSS" time="5.591" classname="com.netcompany.test.SimulatorTest"/>
</testsuite> <!-- com.netcompany.test.SimulatorTest -->
